0 info it worked if it ends with ok
1 verbose cli [ 'C:\\Program Files (x86)\\nodejs\\\\node.exe',
1 verbose cli   'C:\\Program Files (x86)\\nodejs\\node_modules\\npm\\bin\\npm-cli.js',
1 verbose cli   'install',
1 verbose cli   'request',
1 verbose cli   '--save' ]
2 info using npm@1.3.2
3 info using node@v0.10.13
4 verbose node symlink C:\Program Files (x86)\nodejs\\node.exe
5 verbose readDependencies using package.json deps
6 verbose cache add [ 'request', null ]
7 verbose cache add name=undefined spec="request" args=["request",null]
8 verbose parsed url { protocol: null,
8 verbose parsed url   slashes: null,
8 verbose parsed url   auth: null,
8 verbose parsed url   host: null,
8 verbose parsed url   port: null,
8 verbose parsed url   hostname: null,
8 verbose parsed url   hash: null,
8 verbose parsed url   search: null,
8 verbose parsed url   query: null,
8 verbose parsed url   pathname: 'request',
8 verbose parsed url   path: 'request',
8 verbose parsed url   href: 'request' }
9 silly lockFile 088e29b0-request request
10 verbose lock request C:\Users\HYDERABAD\AppData\Roaming\npm-cache\088e29b0-request.lock
11 silly lockFile 088e29b0-request request
12 silly lockFile 088e29b0-request request
13 verbose addNamed [ 'request', '' ]
14 verbose addNamed [ null, '*' ]
15 silly lockFile 9d461bcf-request request@
16 verbose lock request@ C:\Users\HYDERABAD\AppData\Roaming\npm-cache\9d461bcf-request.lock
17 silly addNameRange { name: 'request', range: '*', hasData: false }
18 verbose url raw request
19 verbose url resolving [ 'https://registry.npmjs.org/', './request' ]
20 verbose url resolved https://registry.npmjs.org/request
21 info trying registry request attempt 1 at 10:35:00
22 http GET https://registry.npmjs.org/request
23 info retry will retry, error on last attempt: Error: CERT_UNTRUSTED
24 info trying registry request attempt 2 at 10:35:10
25 http GET https://registry.npmjs.org/request
26 info retry will retry, error on last attempt: Error: CERT_UNTRUSTED
27 info trying registry request attempt 3 at 10:36:10
28 http GET https://registry.npmjs.org/request
29 silly lockFile 9d461bcf-request request@
30 silly lockFile 9d461bcf-request request@
31 error Error: CERT_UNTRUSTED
31 error     at SecurePair.<anonymous> (tls.js:1349:32)
31 error     at SecurePair.EventEmitter.emit (events.js:92:17)
31 error     at SecurePair.maybeInitFinished (tls.js:962:10)
31 error     at CleartextStream.read [as _read] (tls.js:463:15)
31 error     at CleartextStream.Readable.read (_stream_readable.js:320:10)
31 error     at EncryptedStream.write [as _write] (tls.js:366:25)
31 error     at doWrite (_stream_writable.js:219:10)
31 error     at writeOrBuffer (_stream_writable.js:209:5)
31 error     at EncryptedStream.Writable.write (_stream_writable.js:180:11)
31 error     at write (_stream_readable.js:573:24)
32 error If you need help, you may report this log at:
32 error     <http://github.com/isaacs/npm/issues>
32 error or email it to:
32 error     <npm-@googlegroups.com>
33 error System Windows_NT 6.2.9200
34 error command "C:\\Program Files (x86)\\nodejs\\\\node.exe" "C:\\Program Files (x86)\\nodejs\\node_modules\\npm\\bin\\npm-cli.js" "install" "request" "--save"
35 error cwd C:\Users\HYDERABAD\Desktop\weather
36 error node -v v0.10.13
37 error npm -v 1.3.2
38 verbose exit [ 1, true ]
